2021-09-03 01:45:26,358 INFO org.springframework.boot.admin.SpringApplicationAdminMXBeanRegistrar$SpringApplicationAdmin [RMI TCP Connection(212)-127.0.0.1] Application shutdown requested.
2021-09-03 01:45:26,454 INFO org.springframework.orm.jpa.AbstractEntityManagerFactoryBean [RMI TCP Connection(212)-127.0.0.1] Closing JPA EntityManagerFactory for persistence unit 'default'
2021-09-03 01:45:26,465 INFO com.zaxxer.hikari.HikariDataSource [RMI TCP Connection(212)-127.0.0.1] HikariPool-2 - Shutdown initiated...
2021-09-03 01:45:26,470 INFO com.zaxxer.hikari.HikariDataSource [RMI TCP Connection(212)-127.0.0.1] HikariPool-2 - Shutdown completed.
2021-09-03 10:19:53,131 INFO org.springframework.boot.StartupInfoLogger [restartedMain] Starting Project031Application using Java 16.0.1 on SreeKamal with PID 14648 (D:\revature\workspaces\project03\project03-1\target\classes started by sreek in D:\revature\workspaces\project03\project03-1)
2021-09-03 10:19:53,142 INFO org.springframework.boot.SpringApplication [restartedMain] No active profile set, falling back to default profiles: default
2021-09-03 10:19:53,271 INFO org.springframework.boot.logging.DeferredLog [restartedMain] Devtools property defaults active! Set 'spring.devtools.add-properties' to 'false' to disable
2021-09-03 10:19:53,272 INFO org.springframework.boot.logging.DeferredLog [restartedMain] For additional web related logging consider setting the 'logging.level.web' property to 'DEBUG'
2021-09-03 10:19:55,340 INFO org.springframework.data.repository.config.RepositoryConfigurationDelegate [restartedMain] Bootstrapping Spring Data JPA repositories in DEFAULT mode.
2021-09-03 10:19:55,558 INFO org.springframework.data.repository.config.RepositoryConfigurationDelegate [restartedMain] Finished Spring Data repository scanning in 194 ms. Found 8 JPA repository interfaces.
2021-09-03 10:19:57,474 INFO org.springframework.boot.web.embedded.tomcat.TomcatWebServer [restartedMain] Tomcat initialized with port(s): 9091 (http)
2021-09-03 10:19:57,503 INFO org.apache.juli.logging.DirectJDKLog [restartedMain] Initializing ProtocolHandler ["http-nio-9091"]
2021-09-03 10:19:57,504 INFO org.apache.juli.logging.DirectJDKLog [restartedMain] Starting service [Tomcat]
2021-09-03 10:19:57,505 INFO org.apache.juli.logging.DirectJDKLog [restartedMain] Starting Servlet engine: [Apache Tomcat/9.0.52]
2021-09-03 10:19:57,959 INFO org.apache.juli.logging.DirectJDKLog [restartedMain] Initializing Spring embedded WebApplicationContext
2021-09-03 10:19:57,960 INFO org.springframework.boot.web.servlet.context.ServletWebServerApplicationContext [restartedMain] Root WebApplicationContext: initialization completed in 4687 ms
2021-09-03 10:19:58,519 INFO org.hibernate.jpa.internal.util.LogHelper [restartedMain] HHH000204: Processing PersistenceUnitInfo [name: default]
2021-09-03 10:19:58,685 INFO org.hibernate.Version [restartedMain] HHH000412: Hibernate ORM core version 5.4.32.Final
2021-09-03 10:19:59,202 INFO org.hibernate.annotations.common.reflection.java.JavaReflectionManager [restartedMain] HCANN000001: Hibernate Commons Annotations {5.1.2.Final}
2021-09-03 10:19:59,640 INFO com.zaxxer.hikari.HikariDataSource [restartedMain] HikariPool-1 - Starting...
2021-09-03 10:20:03,545 INFO com.zaxxer.hikari.HikariDataSource [restartedMain] HikariPool-1 - Start completed.
2021-09-03 10:20:03,602 INFO org.hibernate.dialect.Dialect [restartedMain] HHH000400: Using dialect: org.hibernate.dialect.PostgreSQLDialect
2021-09-03 10:20:49,902 INFO org.hibernate.engine.transaction.jta.platform.internal.JtaPlatformInitiator [restartedMain] HHH000490: Using JtaPlatform implementation: [org.hibernate.engine.transaction.jta.platform.internal.NoJtaPlatform]
2021-09-03 10:20:49,926 INFO org.springframework.orm.jpa.AbstractEntityManagerFactoryBean [restartedMain] Initialized JPA EntityManagerFactory for persistence unit 'default'
2021-09-03 10:20:51,424 WARN org.springframework.boot.autoconfigure.orm.jpa.JpaBaseConfiguration$JpaWebConfiguration [restartedMain] spring.jpa.open-in-view is enabled by default. Therefore, database queries may be performed during view rendering. Explicitly configure spring.jpa.open-in-view to disable this warning
2021-09-03 10:20:52,142 WARN org.springframework.boot.autoconfigure.thymeleaf.ThymeleafAutoConfiguration$DefaultTemplateResolverConfiguration [restartedMain] Cannot find template location: classpath:/templates/ (please add some templates or check your Thymeleaf configuration)
2021-09-03 10:20:52,405 INFO org.springframework.boot.devtools.autoconfigure.OptionalLiveReloadServer [restartedMain] LiveReload server is running on port 35729
2021-09-03 10:20:52,459 INFO org.apache.juli.logging.DirectJDKLog [restartedMain] Starting ProtocolHandler ["http-nio-9091"]
2021-09-03 10:20:52,525 INFO org.springframework.boot.web.embedded.tomcat.TomcatWebServer [restartedMain] Tomcat started on port(s): 9091 (http) with context path ''
2021-09-03 10:20:52,547 INFO org.springframework.boot.StartupInfoLogger [restartedMain] Started Project031Application in 60.785 seconds (JVM running for 65.177)
2021-09-03 10:21:22,846 INFO org.apache.juli.logging.DirectJDKLog [http-nio-9091-exec-1] Initializing Spring DispatcherServlet 'dispatcherServlet'
2021-09-03 10:21:22,848 INFO org.springframework.web.servlet.FrameworkServlet [http-nio-9091-exec-1] Initializing Servlet 'dispatcherServlet'
2021-09-03 10:21:22,854 INFO org.springframework.web.servlet.FrameworkServlet [http-nio-9091-exec-1] Completed initialization in 5 ms
2021-09-03 10:25:24,494 INFO org.springframework.orm.jpa.AbstractEntityManagerFactoryBean [Thread-6] Closing JPA EntityManagerFactory for persistence unit 'default'
2021-09-03 10:25:24,758 INFO com.zaxxer.hikari.HikariDataSource [Thread-6] HikariPool-1 - Shutdown initiated...
2021-09-03 10:25:25,053 INFO com.zaxxer.hikari.HikariDataSource [Thread-6] HikariPool-1 - Shutdown completed.
2021-09-03 10:25:27,319 INFO org.springframework.boot.StartupInfoLogger [restartedMain] Starting Project031Application using Java 16.0.1 on SreeKamal with PID 14648 (D:\revature\workspaces\project03\project03-1\target\classes started by sreek in D:\revature\workspaces\project03\project03-1)
2021-09-03 10:25:27,322 INFO org.springframework.boot.SpringApplication [restartedMain] No active profile set, falling back to default profiles: default
2021-09-03 10:25:31,986 INFO org.springframework.data.repository.config.RepositoryConfigurationDelegate [restartedMain] Bootstrapping Spring Data JPA repositories in DEFAULT mode.
2021-09-03 10:25:33,291 INFO org.springframework.data.repository.config.RepositoryConfigurationDelegate [restartedMain] Finished Spring Data repository scanning in 1301 ms. Found 8 JPA repository interfaces.
